<?xml version="1.0" encoding="UTF-8"?>
<!-- Generated by org.testng.reporters.JUnitXMLReporter -->
<testsuite hostname="DESKTOP-QNHHQU3" ignored="0" name="Default test" tests="3" failures="0" timestamp="2019-12-24T13:40:16 IST" time="0.075" errors="0">
  <testcase name="f" time="0.014" classname="com.newproject.selenium.first.Test3"/>
  <testcase name="z" time="0.001" classname="com.newproject.selenium.first.Test3"/>
  <testcase name="b" time="0.002" classname="com.newproject.selenium.first.Test3"/>
</testsuite> <!-- Default test -->
