<?xml version="1.0" encoding="UTF-8"?>
<!-- Generated by org.testng.reporters.JUnitXMLReporter -->
<testsuite hostname="DESKTOP-QNHHQU3" ignored="0" name="Testgroup" tests="6" failures="0" timestamp="2019-12-24T13:53:57 IST" time="0.124" errors="0">
  <testcase name="f" time="0.008" classname="com.newproject.selenium.com.newproject.selenium.first.Test4"/>
  <testcase name="f" time="0.002" classname="com.newproject.selenium.com.newproject.selenium.first.Test2"/>
  <testcase name="f" time="0.006" classname="com.newproject.selenium.com.newproject.selenium.first.Test3"/>
  <testcase name="z" time="0.005" classname="com.newproject.selenium.com.newproject.selenium.first.Test3"/>
  <testcase name="b" time="0.008" classname="com.newproject.selenium.com.newproject.selenium.first.Test3"/>
  <testcase name="f" time="0.009" classname="com.newproject.selenium.com.newproject.selenium.first.Test1"/>
</testsuite> <!-- Testgroup -->
